2026-06-04 08:06:33  INFO        ...   Derniere date CSV : 2026-06-02
2026-06-04 08:06:33  INFO        ...   2 seances manquantes : 2026-06-03 -> 2026-06-04
2026-06-04 08:06:33  WARNING   [WAR] Bourse cloture a 15h30. Donnees du jour peut-etre incompletes.
2026-06-04 08:06:33  INFO        ...   Recuperation de la liste des actions ...
2026-06-04 08:06:33  INFO        [OK]  81 actions trouvees.
2026-06-04 08:06:33  INFO        ...   Telechargement : 2026-06-03 -> 2026-06-04
2026-06-04 08:07:26  INFO        [OK]  64 lignes ajoutees dans BCASAD.CSV
2026-06-04 08:07:26  INFO        [OK]  Mise a jour terminee !
2026-06-04 17:36:34  INFO        ...   Derniere date CSV : 2026-06-03
2026-06-04 17:36:34  INFO        ...   1 seances manquantes : 2026-06-04 -> 2026-06-04
2026-06-04 17:36:34  INFO        ...   Recuperation de la liste des actions ...
2026-06-04 17:36:34  INFO        [OK]  81 actions trouvees.
2026-06-04 17:36:34  INFO        ...   Telechargement : 2026-06-04 -> 2026-06-04
2026-06-04 17:37:19  ERROR      [ERR] Aucune donnee ecrite dans le CSV (seulement MASI/MSI20 vides).
2026-06-04 17:37:19  ERROR      [ERR] La bourse est peut-etre fermee ou les donnees ne sont pas disponibles.
2026-06-05 10:13:05  INFO        ...   Derniere date CSV : 2026-06-03
2026-06-05 10:13:05  INFO        ...   2 seances manquantes : 2026-06-04 -> 2026-06-05
2026-06-05 10:13:05  WARNING   [WAR] Bourse cloture a 15h30. Donnees du jour peut-etre incompletes.
2026-06-05 10:13:05  INFO        ...   Recuperation de la liste des actions ...
2026-06-05 10:13:05  INFO        [OK]  81 actions trouvees.
2026-06-05 10:13:05  INFO        ...   Telechargement : 2026-06-04 -> 2026-06-05
2026-06-05 10:13:59  INFO        [OK]  57 lignes ajoutees dans BCASAD.CSV
2026-06-05 10:13:59  INFO        [OK]  Mise a jour terminee !
2026-06-05 10:46:21  INFO        ...   Derniere date CSV : 2026-06-02
2026-06-05 10:46:21  INFO        ...   3 seances manquantes : 2026-06-03 -> 2026-06-05
2026-06-05 10:46:21  WARNING   [WAR] Bourse cloture a 15h30. Donnees du jour peut-etre incompletes.
2026-06-05 10:46:21  INFO        ...   Recuperation de la liste des actions ...
2026-06-05 10:46:21  INFO        [OK]  81 actions trouvees.
2026-06-05 10:46:21  INFO        ...   Telechargement : 2026-06-03 -> 2026-06-05
2026-06-05 10:47:18  INFO        [OK]  126 lignes ajoutees dans BCASAD.CSV
2026-06-05 10:47:18  INFO        [OK]  Mise a jour terminee !
2026-06-05 10:52:59  INFO        ...   Derniere date CSV : 2026-06-04
2026-06-05 10:52:59  INFO        ...   1 seances manquantes : 2026-06-05 -> 2026-06-05
2026-06-05 10:52:59  WARNING   [WAR] Bourse cloture a 15h30. Donnees du jour peut-etre incompletes.
2026-06-05 10:52:59  INFO        ...   Recuperation de la liste des actions ...
2026-06-05 10:52:59  INFO        [OK]  81 actions trouvees.
2026-06-05 10:52:59  INFO        ...   Telechargement : 2026-06-05 -> 2026-06-05
2026-06-05 10:53:49  ERROR      [ERR] Aucune donnee ecrite dans le CSV (seulement MASI/MSI20 vides).
2026-06-05 10:53:49  ERROR      [ERR] La bourse est peut-etre fermee ou les donnees ne sont pas disponibles.
2026-06-05 16:36:12  INFO        ...   Derniere date CSV : 2026-06-04
2026-06-05 16:36:12  INFO        ...   1 seances manquantes : 2026-06-05 -> 2026-06-05
2026-06-05 16:36:12  INFO        ...   Recuperation de la liste des actions ...
2026-06-05 16:36:12  INFO        [OK]  81 actions trouvees.
2026-06-05 16:36:12  INFO        ...   Telechargement : 2026-06-05 -> 2026-06-05
2026-06-05 16:36:56  ERROR      [ERR] Aucune donnee ecrite dans le CSV (seulement MASI/MSI20 vides).
2026-06-05 16:36:56  ERROR      [ERR] La bourse est peut-etre fermee ou les donnees ne sont pas disponibles.
2026-06-05 20:35:16  INFO        ...   Derniere date CSV : 2026-06-04
2026-06-05 20:35:16  INFO        ...   1 seances manquantes : 2026-06-05 -> 2026-06-05
2026-06-05 20:35:16  INFO        ...   Recuperation de la liste des actions ...
2026-06-05 20:35:16  INFO        [OK]  81 actions trouvees.
2026-06-05 20:35:16  INFO        ...   Telechargement : 2026-06-05 -> 2026-06-05
2026-06-05 20:36:00  ERROR      [ERR] Aucune donnee ecrite dans le CSV (seulement MASI/MSI20 vides).
2026-06-05 20:36:00  ERROR      [ERR] La bourse est peut-etre fermee ou les donnees ne sont pas disponibles.
2026-06-05 21:31:19  INFO        ...   Derniere date CSV : 2026-06-04
2026-06-05 21:31:19  INFO        ...   1 seances manquantes : 2026-06-05 -> 2026-06-05
2026-06-05 21:31:19  INFO        ...   Recuperation de la liste des actions ...
2026-06-05 21:31:19  INFO        [OK]  81 actions trouvees.
2026-06-05 21:31:19  INFO        ...   Telechargement : 2026-06-05 -> 2026-06-05
2026-06-05 21:32:03  ERROR      [ERR] Aucune donnee ecrite dans le CSV (seulement MASI/MSI20 vides).
2026-06-05 21:32:03  ERROR      [ERR] La bourse est peut-etre fermee ou les donnees ne sont pas disponibles.
2026-06-05 21:39:04  INFO        ...   Derniere date CSV : 2026-06-04
2026-06-05 21:39:04  INFO        ...   1 seances manquantes : 2026-06-05 -> 2026-06-05
2026-06-05 21:39:04  INFO        ...   Recuperation de la liste des actions ...
2026-06-05 21:39:04  INFO        [OK]  81 actions trouvees.
2026-06-05 21:39:04  INFO        ...   Telechargement : 2026-06-05 -> 2026-06-05
2026-06-05 21:39:52  ERROR      [ERR] Aucune donnee ecrite dans le CSV (seulement MASI/MSI20 vides).
2026-06-05 21:39:52  ERROR      [ERR] La bourse est peut-etre fermee ou les donnees ne sont pas disponibles.
2026-06-06 04:00:23  INFO        ...   Derniere date CSV : 2026-06-04
2026-06-06 04:00:23  INFO        ...   1 seances manquantes : 2026-06-05 -> 2026-06-05
2026-06-06 04:00:23  INFO        ...   Recuperation de la liste des actions ...
2026-06-06 04:00:23  INFO        [OK]  81 actions trouvees.
2026-06-06 04:00:23  INFO        ...   Telechargement : 2026-06-05 -> 2026-06-05
2026-06-06 04:01:11  INFO        [OK]  33 lignes ajoutees dans BCASAD.CSV
2026-06-06 04:01:11  INFO        [OK]  Mise a jour terminee !
2026-06-06 12:01:09  INFO        [OK]  CSV deja a jour jusqu au 2026-06-05. Rien a faire.
2026-06-07 14:38:24  INFO        [OK]  CSV deja a jour jusqu au 2026-06-05. Rien a faire.
2026-06-09 03:36:44  INFO        ...   Derniere date CSV : 2026-06-05
2026-06-09 03:36:44  INFO        ...   2 seances manquantes : 2026-06-08 -> 2026-06-09
2026-06-09 03:36:44  WARNING   [WAR] Bourse cloture a 15h30. Donnees du jour peut-etre incompletes.
2026-06-09 03:36:44  INFO        ...   Recuperation de la liste des actions ...
2026-06-09 03:36:44  INFO        [OK]  81 actions trouvees.
2026-06-09 03:36:44  INFO        ...   Telechargement : 2026-06-08 -> 2026-06-09
2026-06-09 03:37:35  INFO        [OK]  63 lignes ajoutees dans BCASAD.CSV
2026-06-09 03:37:35  INFO        [OK]  Mise a jour terminee !
2026-06-09 16:49:40  INFO        ...   Derniere date CSV : 2026-06-08
2026-06-09 16:49:40  INFO        ...   1 seances manquantes : 2026-06-09 -> 2026-06-09
2026-06-09 16:49:40  INFO        ...   Recuperation de la liste des actions ...
2026-06-09 16:49:40  INFO        [OK]  81 actions trouvees.
2026-06-09 16:49:40  INFO        ...   Telechargement : 2026-06-09 -> 2026-06-09
2026-06-09 16:50:25  ERROR      [ERR] Aucune donnee ecrite dans le CSV (seulement MASI/MSI20 vides).
2026-06-09 16:50:25  ERROR      [ERR] La bourse est peut-etre fermee ou les donnees ne sont pas disponibles.
2026-06-10 03:42:40  INFO        ...   Derniere date CSV : 2026-06-08
2026-06-10 03:42:40  INFO        ...   2 seances manquantes : 2026-06-09 -> 2026-06-10
2026-06-10 03:42:40  WARNING   [WAR] Bourse cloture a 15h30. Donnees du jour peut-etre incompletes.
2026-06-10 03:42:40  INFO        ...   Recuperation de la liste des actions ...
2026-06-10 03:42:40  INFO        [OK]  81 actions trouvees.
2026-06-10 03:42:40  INFO        ...   Telechargement : 2026-06-09 -> 2026-06-10
2026-06-10 03:43:30  INFO        [OK]  63 lignes ajoutees dans BCASAD.CSV
2026-06-10 03:43:30  INFO        [OK]  Mise a jour terminee !
2026-06-10 17:41:04  INFO        ...   Derniere date CSV : 2026-06-09
2026-06-10 17:41:04  INFO        ...   1 seances manquantes : 2026-06-10 -> 2026-06-10
2026-06-10 17:41:04  INFO        ...   Recuperation de la liste des actions ...
2026-06-10 17:41:04  INFO        [OK]  81 actions trouvees.
2026-06-10 17:41:04  INFO        ...   Telechargement : 2026-06-10 -> 2026-06-10
2026-06-10 17:41:52  ERROR      [ERR] Aucune donnee ecrite dans le CSV (seulement MASI/MSI20 vides).
2026-06-10 17:41:52  ERROR      [ERR] La bourse est peut-etre fermee ou les donnees ne sont pas disponibles.
2026-06-10 18:10:38  INFO        ...   Derniere date CSV : 2026-06-09
2026-06-10 18:10:38  INFO        ...   1 seances manquantes : 2026-06-10 -> 2026-06-10
2026-06-10 18:10:38  INFO        ...   Recuperation de la liste des actions ...
2026-06-10 18:10:38  INFO        [OK]  81 actions trouvees.
2026-06-10 18:10:38  INFO        ...   Telechargement : 2026-06-10 -> 2026-06-10
2026-06-10 18:11:27  ERROR      [ERR] Aucune donnee ecrite dans le CSV (seulement MASI/MSI20 vides).
2026-06-10 18:11:27  ERROR      [ERR] La bourse est peut-etre fermee ou les donnees ne sont pas disponibles.
